[38;5;6m [38;5;5m01:56:35.28 [0m
[38;5;6m [38;5;5m01:56:35.29 [0m[1mWelcome to the Bitnami spark container[0m
[38;5;6m [38;5;5m01:56:35.29 [0mSubscribe to project updates by watching [1mhttps://github.com/bitnami/bitnami-docker-spark[0m
[38;5;6m [38;5;5m01:56:35.29 [0mSubmit issues and feature requests at [1mhttps://github.com/bitnami/bitnami-docker-spark/issues[0m
[38;5;6m [38;5;5m01:56:35.29 [0m
[38;5;6m [38;5;5m01:56:35.30 [0m[38;5;2mINFO [0m ==> ** Starting Spark setup **
[38;5;6m [38;5;5m01:56:35.32 [0m[38;5;2mINFO [0m ==> Generating Spark configuration file...

[38;5;6m [38;5;5m01:56:35.33 [0m[38;5;2mINFO [0m ==> ** Spark setup finished! **
[38;5;6m [38;5;5m01:56:35.34 [0m[38;5;2mINFO [0m ==> ** Starting Spark in worker mode **
starting org.apache.spark.deploy.worker.Worker, logging to /opt/bitnami/spark/logs/spark--org.apache.spark.deploy.worker.Worker-1-24e25057d8bb.out
Spark Command: /opt/bitnami/java/bin/java -cp /opt/bitnami/spark/conf/:/opt/bitnami/spark/jars/* -Xmx1g org.apache.spark.deploy.worker.Worker --webui-port 8081 spark://spark:7077
========================================
Using Spark's default log4j profile: org/apache/spark/log4j-defaults.properties
21/09/25 01:56:37 INFO Worker: Started daemon with process name: 40@24e25057d8bb
21/09/25 01:56:37 INFO SignalUtils: Registering signal handler for TERM
21/09/25 01:56:37 INFO SignalUtils: Registering signal handler for HUP
21/09/25 01:56:37 INFO SignalUtils: Registering signal handler for INT
21/09/25 01:56:38 WARN NativeCodeLoader: Unable to load native-hadoop library for your platform... using builtin-java classes where applicable
21/09/25 01:56:38 INFO SecurityManager: Changing view acls to: spark
21/09/25 01:56:38 INFO SecurityManager: Changing modify acls to: spark
21/09/25 01:56:38 INFO SecurityManager: Changing view acls groups to: 
21/09/25 01:56:38 INFO SecurityManager: Changing modify acls groups to: 
21/09/25 01:56:38 INFO SecurityManager: SecurityManager: authentication disabled; ui acls disabled; users  with view permissions: Set(spark); groups with view permissions: Set(); users  with modify permissions: Set(spark); groups with modify permissions: Set()
21/09/25 01:56:39 INFO Utils: Successfully started service 'sparkWorker' on port 32795.
21/09/25 01:56:39 INFO Worker: Worker decommissioning not enabled, SIGPWR will result in exiting.
21/09/25 01:56:39 INFO Worker: Starting Spark worker 172.18.0.3:32795 with 1 cores, 1024.0 MiB RAM
21/09/25 01:56:39 INFO Worker: Running Spark version 3.1.2
21/09/25 01:56:39 INFO Worker: Spark home: /opt/bitnami/spark
21/09/25 01:56:39 INFO ResourceUtils: ==============================================================
21/09/25 01:56:39 INFO ResourceUtils: No custom resources configured for spark.worker.
21/09/25 01:56:39 INFO ResourceUtils: ==============================================================
21/09/25 01:56:40 INFO Utils: Successfully started service 'WorkerUI' on port 8081.
21/09/25 01:56:40 INFO WorkerWebUI: Bound WorkerWebUI to 0.0.0.0, and started at http://24e25057d8bb:8081
21/09/25 01:56:40 INFO Worker: Connecting to master spark:7077...
21/09/25 01:56:40 INFO TransportClientFactory: Successfully created connection to spark/172.18.0.5:7077 after 43 ms (0 ms spent in bootstraps)
21/09/25 01:56:40 INFO Worker: Successfully registered with master spark://3790af8b1f92:7077
[38;5;6m [38;5;5m01:56:49.86 [0m
[38;5;6m [38;5;5m01:56:49.87 [0m[1mWelcome to the Bitnami spark container[0m
[38;5;6m [38;5;5m01:56:49.87 [0mSubscribe to project updates by watching [1mhttps://github.com/bitnami/bitnami-docker-spark[0m
[38;5;6m [38;5;5m01:56:49.87 [0mSubmit issues and feature requests at [1mhttps://github.com/bitnami/bitnami-docker-spark/issues[0m
[38;5;6m [38;5;5m01:56:49.87 [0m
[38;5;6m [38;5;5m01:56:49.88 [0m[38;5;2mINFO [0m ==> ** Starting Spark setup **
[38;5;6m [38;5;5m01:56:49.90 [0m[38;5;2mINFO [0m ==> Detected mounted configuration file...
[38;5;6m [38;5;5m01:56:49.91 [0m[38;5;2mINFO [0m ==> ** Spark setup finished! **

[38;5;6m [38;5;5m01:56:49.92 [0m[38;5;2mINFO [0m ==> ** Starting Spark in worker mode **
starting org.apache.spark.deploy.worker.Worker, logging to /opt/bitnami/spark/logs/spark--org.apache.spark.deploy.worker.Worker-1-24e25057d8bb.out
Spark Command: /opt/bitnami/java/bin/java -cp /opt/bitnami/spark/conf/:/opt/bitnami/spark/jars/* -Xmx1g org.apache.spark.deploy.worker.Worker --webui-port 8081 spark://spark:7077
========================================
Using Spark's default log4j profile: org/apache/spark/log4j-defaults.properties
21/09/25 01:56:51 INFO Worker: Started daemon with process name: 37@24e25057d8bb
21/09/25 01:56:51 INFO SignalUtils: Registering signal handler for TERM
21/09/25 01:56:51 INFO SignalUtils: Registering signal handler for HUP
21/09/25 01:56:51 INFO SignalUtils: Registering signal handler for INT
21/09/25 01:56:51 WARN NativeCodeLoader: Unable to load native-hadoop library for your platform... using builtin-java classes where applicable
21/09/25 01:56:51 INFO SecurityManager: Changing view acls to: spark
21/09/25 01:56:51 INFO SecurityManager: Changing modify acls to: spark
21/09/25 01:56:51 INFO SecurityManager: Changing view acls groups to: 
21/09/25 01:56:51 INFO SecurityManager: Changing modify acls groups to: 
21/09/25 01:56:51 INFO SecurityManager: SecurityManager: authentication disabled; ui acls disabled; users  with view permissions: Set(spark); groups with view permissions: Set(); users  with modify permissions: Set(spark); groups with modify permissions: Set()
21/09/25 01:56:52 INFO Utils: Successfully started service 'sparkWorker' on port 33509.
21/09/25 01:56:52 INFO Worker: Worker decommissioning not enabled, SIGPWR will result in exiting.
21/09/25 01:56:52 INFO Worker: Starting Spark worker 172.18.0.3:33509 with 1 cores, 1024.0 MiB RAM
21/09/25 01:56:52 INFO Worker: Running Spark version 3.1.2
21/09/25 01:56:52 INFO Worker: Spark home: /opt/bitnami/spark
21/09/25 01:56:52 INFO ResourceUtils: ==============================================================
21/09/25 01:56:52 INFO ResourceUtils: No custom resources configured for spark.worker.
21/09/25 01:56:52 INFO ResourceUtils: ==============================================================
21/09/25 01:56:52 INFO Utils: Successfully started service 'WorkerUI' on port 8081.
21/09/25 01:56:52 INFO WorkerWebUI: Bound WorkerWebUI to 0.0.0.0, and started at http://24e25057d8bb:8081
21/09/25 01:56:52 INFO Worker: Connecting to master spark:7077...
21/09/25 01:56:53 INFO TransportClientFactory: Successfully created connection to spark/172.18.0.5:7077 after 48 ms (0 ms spent in bootstraps)
21/09/25 01:57:01 INFO Worker: Retrying connection to master (attempt # 1)
21/09/25 01:57:01 INFO Worker: Connecting to master spark:7077...
21/09/25 01:57:01 INFO Worker: Successfully registered with master spark://3790af8b1f92:7077
